<?xml version="1.0" encoding="UTF-8"?>
<testng-results total="1" passed="1" failed="0" skipped="0">
  <reporter-output>
  </reporter-output>
  <suite started-at="2018-06-26T03:51:19Z" name="Default suite" finished-at="2018-06-26T03:51:31Z" duration-ms="12244">
    <groups>
    </groups>
    <test started-at="2018-06-26T03:51:19Z" name="Default test" finished-at="2018-06-26T03:51:31Z" duration-ms="12244">
      <class name="com.Annotations.Ng_NewTours_NewUserRegistartion">
        <test-method is-config="true" signature="setUp()[pri:0, instance:com.Annotations.Ng_NewTours_NewUserRegistartion@279fedbd]" started-at="2018-06-25T22:51:19Z" name="setUp" finished-at="2018-06-25T22:51:28Z" duration-ms="8430" status="PASS">
          <reporter-output>
          </reporter-output>
        </test-method> <!-- setUp -->
        <test-method signature="Register()[pri:0, instance:com.Annotations.Ng_NewTours_NewUserRegistartion@279fedbd]" started-at="2018-06-25T22:51:28Z" name="Register" finished-at="2018-06-25T22:51:31Z" duration-ms="3783" status="PASS">
          <reporter-output>
          </reporter-output>
        </test-method> <!-- Register -->
        <test-method is-config="true" signature="tearDow()[pri:0, instance:com.Annotations.Ng_NewTours_NewUserRegistartion@279fedbd]" started-at="2018-06-25T22:51:31Z" name="tearDow" finished-at="2018-06-25T22:51:31Z" duration-ms="11" status="PASS">
          <reporter-output>
          </reporter-output>
        </test-method> <!-- tearDow -->
      </class> <!-- com.Annotations.Ng_NewTours_NewUserRegistartion -->
    </test> <!-- Default test -->
  </suite> <!-- Default suite -->
</testng-results>
